[2025-03-27T13:14:07.639Z] User created: JAOSOA Donga Anelka (jaosoadongaanelka@gmail.com)
[2025-03-27T13:14:07.638Z] Utilisateur créé: JAOSOA Donga Anelka (jaosoadongaanelka@gmail.com)
[2025-03-27T13:46:21.423Z] Login successful: jaosoadongaanelka@gmail.com
[2025-03-27T13:48:20.056Z] Login successful: jaosoadongaanelka@gmail.com
[2025-03-28T07:40:59.240Z] Login successful: jaosoadongaanelka@gmail.com
[2025-03-28T08:24:55.023Z] Logout successful
[2025-03-28T08:25:20.161Z] Login successful: jaosoadongaanelka@gmail.com
[2025-03-28T08:31:08.958Z] Login successful: jaosoadongaanelka@gmail.com
[2025-03-28T11:20:08.358Z] Login successful: jaosoadongaanelka@gmail.com
[2025-03-28T11:22:19.370Z] Login successful: jaosoadongaanelka@gmail.com
[2025-03-28T11:28:32.540Z] Login successful: jaosoadongaanelka@gmail.com
[2025-03-28T11:28:35.161Z] Logout successful
[2025-03-28T11:28:35.166Z] Logout successful
[2025-03-28T11:34:37.626Z] Login successful: jaosoadongaanelka@gmail.com
[2025-03-28T11:34:41.965Z] Logout successful
[2025-03-28T11:34:41.971Z] Logout successful
[2025-03-28T11:35:28.608Z] Login successful: jaosoadongaanelka@gmail.com
[2025-03-28T11:35:29.626Z] Logout successful
[2025-03-28T11:35:29.632Z] Logout successful
[2025-03-28T11:38:34.092Z] Login successful: jaosoadongaanelka@gmail.com
[2025-03-28T11:38:36.343Z] Logout successful
[2025-03-28T11:38:36.346Z] Logout successful
[2025-03-28T11:40:26.471Z] Login successful: jaosoadongaanelka@gmail.com
[2025-03-28T11:40:29.341Z] Logout successful
[2025-03-28T11:40:29.353Z] Logout successful
[2025-03-28T11:46:09.519Z] Login successful: jaosoadongaanelka@gmail.com
[2025-03-28T12:08:43.209Z] Accès réussi à l'API des utilisateurs.
[2025-03-28T12:09:17.374Z] Accès réussi à l'API des utilisateurs.
[2025-03-28T12:09:17.394Z] Accès réussi à l'API des utilisateurs.
[2025-03-28T12:10:06.535Z] Accès réussi à l'API des utilisateurs.
[2025-03-28T12:10:12.639Z] Accès réussi à l'API des utilisateurs.
[2025-03-28T12:10:13.218Z] Accès réussi à l'API des utilisateurs.
[2025-03-28T12:10:18.981Z] Accès réussi à l'API des utilisateurs.
[2025-03-28T12:10:26.040Z] Accès réussi à l'API des utilisateurs.
[2025-03-28T12:10:33.571Z] Accès réussi à l'API des utilisateurs.
[2025-03-28T12:10:34.519Z] Accès réussi à l'API des utilisateurs.
[2025-03-28T12:10:34.596Z] Accès réussi à l'API des utilisateurs.
[2025-03-28T12:10:34.740Z] Accès réussi à l'API des utilisateurs.
[2025-03-28T12:30:45.260Z] Accès réussi à l'API des utilisateurs.
[2025-03-28T12:30:50.914Z] Accès réussi à l'API des utilisateurs.
[2025-03-28T12:31:34.985Z] Accès réussi à l'API des utilisateurs.
[2025-03-28T12:31:34.998Z] Accès réussi à l'API des utilisateurs.
[2025-03-28T12:31:46.225Z] Accès réussi à l'API des utilisateurs.
[2025-03-28T12:31:54.418Z] Accès réussi à l'API des utilisateurs.
[2025-03-28T12:32:07.043Z] Accès réussi à l'API des utilisateurs.
[2025-03-28T12:33:30.961Z] Accès réussi à l'API des utilisateurs.
[2025-03-28T12:33:30.972Z] Accès réussi à l'API des utilisateurs.
[2025-03-28T12:33:39.744Z] Accès réussi à l'API des utilisateurs.
[2025-03-28T12:33:53.556Z] Accès réussi à l'API des utilisateurs.
[2025-03-28T12:34:07.880Z] Accès réussi à l'API des utilisateurs.
[2025-03-28T12:34:16.900Z] Accès réussi à l'API des utilisateurs.
[2025-03-28T12:34:32.329Z] Accès réussi à l'API des utilisateurs.
[2025-03-28T12:34:32.346Z] Accès réussi à l'API des utilisateurs.
[2025-03-28T12:35:02.440Z] Accès réussi à l'API des utilisateurs.
[2025-03-28T12:38:42.623Z] Accès réussi à l'API des utilisateurs.
[2025-03-28T12:39:48.981Z] Accès réussi à l'API des utilisateurs.
[2025-03-28T12:40:07.870Z] Accès réussi à l'API des utilisateurs.
[2025-03-28T12:40:13.220Z] Accès réussi à l'API des utilisateurs.
[2025-03-28T12:41:19.075Z] Accès réussi à l'API des utilisateurs.
[2025-03-28T12:43:31.877Z] Accès réussi à l'API des utilisateurs.
[2025-03-28T12:43:37.401Z] Accès réussi à l'API des utilisateurs.
[2025-03-28T12:43:42.211Z] Accès réussi à l'API des utilisateurs.
[2025-03-28T12:50:05.978Z] Accès réussi à l'API des utilisateurs.
[2025-03-28T12:50:06.032Z] Accès réussi à l'API des utilisateurs.
[2025-03-28T12:50:06.118Z] Accès réussi à l'API des utilisateurs.
[2025-03-28T12:50:06.582Z] Accès réussi à l'API des utilisateurs.
[2025-03-28T12:50:15.278Z] Accès réussi à l'API des utilisateurs.
[2025-03-28T12:50:23.701Z] Accès réussi à l'API des utilisateurs.
[2025-03-28T12:50:28.406Z] Accès réussi à l'API des utilisateurs.
[2025-03-28T12:50:36.712Z] Accès réussi à l'API des utilisateurs.
[2025-03-28T12:50:53.841Z] Accès réussi à l'API des utilisateurs.
[2025-03-28T12:50:58.566Z] Accès réussi à l'API des utilisateurs.
[2025-03-28T12:51:05.128Z] Accès réussi à l'API des utilisateurs.
[2025-03-28T12:51:05.272Z] Accès réussi à l'API des utilisateurs.
[2025-03-28T12:51:05.632Z] Accès réussi à l'API des utilisateurs.
[2025-03-28T12:51:14.172Z] Accès réussi à l'API des utilisateurs.
[2025-03-28T12:51:19.473Z] Accès réussi à l'API des utilisateurs.
[2025-03-28T12:51:21.081Z] Accès réussi à l'API des utilisateurs.
[2025-03-28T12:51:24.569Z] Accès réussi à l'API des utilisateurs.
[2025-03-28T12:51:30.289Z] Accès réussi à l'API des utilisateurs.
[2025-03-28T12:51:30.354Z] Accès réussi à l'API des utilisateurs.
[2025-03-29T06:07:16.755Z] Accès réussi à l'API des utilisateurs.
[2025-03-29T06:07:16.822Z] Accès réussi à l'API des utilisateurs.
[2025-04-01T06:38:24.337Z] Accès réussi à l'API des utilisateurs.
[2025-04-01T06:38:24.352Z] Accès réussi à l'API des utilisateurs.
[2025-04-01T06:38:30.136Z] Logout successful
[2025-04-01T07:20:59.072Z] Utilisateur créé: Kanel0 (kanel0@gmail.com)
[2025-04-01T07:20:59.072Z] User created: Kanel0 (kanel0@gmail.com)
[2025-04-01T07:50:33.842Z] Base de données créée: base pour l'utilisateur Kanel0 (ID: Itpw_vm5P0SdL6QyAYdrk)
[2025-04-01T08:05:10.972Z] Échec: La base de données 'base' existe déjà pour Kanel0 (ID: Itpw_vm5P0SdL6QyAYdrk)
[2025-04-01T08:11:14.147Z] Base de données créée: data pour l'utilisateur Kanel0 (ID: Itpw_vm5P0SdL6QyAYdrk)
[2025-04-01T08:21:16.051Z] Base de données créée: generer pour l'utilisateur Kanel0 (ID: Itpw_vm5P0SdL6QyAYdrk) - Rôle: undefined
[2025-04-01T08:25:57.240Z] Base de données créée: generer pour l'utilisateur Kanel0 (ID: Itpw_vm5P0SdL6QyAYdrk) - Rôle: undefined
[2025-04-01T11:16:08.796Z] Base de données créée: generer pour Kanel0
[2025-04-01T11:28:03.268Z] Base de données créée: generer pour Kanel0
[2025-04-01T11:29:58.532Z] La base de données 'generer' existe déjà pour l'utilisateur Kanel0
[2025-04-01T11:30:13.991Z] Base de données créée: generer pour Kanel0
[2025-04-01T12:50:12.728Z] Base de données créée: generer pour Kanel0
[2025-04-01T12:51:31.693Z] Base de données créée: database pour JAOSOA Donga Anelka
[2025-04-01T13:52:16.812Z] Erreur serveur: Error: ENOENT: no such file or directory, open 'C:\Users\Admin\Pictures\hello-code-sass\database\fIghn5m2rPim0e-Z7n4RN\models\databases.json'
[2025-04-01T13:52:45.487Z] Erreur serveur: Error: ENOENT: no such file or directory, open 'C:\Users\Admin\Pictures\hello-code-sass\database\fIghn5m2rPim0e-Z7n4RN\models\databases.json'
[2025-04-01T13:53:29.685Z] Erreur serveur: Error: ENOENT: no such file or directory, open 'C:\Users\Admin\Pictures\hello-code-sass\database\fIghn5m2rPim0e-Z7n4RN\models\databases.json'
[2025-04-01T13:54:08.365Z] Base de données créée: database pour JAOSOA Donga Anelka
[2025-04-01T14:13:23.131Z] Template copié dans la base de données : C:\Users\Admin\Pictures\hello-code-sass\database\fIghn5m2rPim0e-Z7n4RN\database\template
[2025-04-01T14:13:23.132Z] Base de données créée: database pour JAOSOA Donga Anelka
[2025-04-01T14:15:05.577Z] Template copié dans la base de données : C:\Users\Admin\Pictures\hello-code-sass\database\fIghn5m2rPim0e-Z7n4RN\template
[2025-04-01T14:15:05.577Z] Base de données créée: database pour JAOSOA Donga Anelka
[2025-04-02T06:20:32.995Z] Login successful: jaosoadongaanelka@gmail.com
[2025-04-02T06:20:34.841Z] Logout successful
[2025-04-02T06:20:34.846Z] Accès réussi à l'API des utilisateurs.
[2025-04-02T06:20:34.849Z] Logout successful
[2025-04-02T06:20:36.888Z] Accès réussi à l'API des utilisateurs.
[2025-04-02T06:22:07.167Z] Login successful: jaosoadongaanelka@gmail.com
[2025-04-02T06:22:08.912Z] Accès réussi à l'API des utilisateurs.
[2025-04-02T06:22:09.935Z] Accès réussi à l'API des utilisateurs.
[2025-04-02T06:40:44.836Z] Accès réussi à l'API des utilisateurs.
[2025-04-02T06:45:29.755Z] Accès réussi à l'API des utilisateurs.
[2025-04-02T06:45:29.790Z] Accès réussi à l'API des utilisateurs.
[2025-04-02T06:45:53.047Z] Accès réussi à l'API des utilisateurs.
[2025-04-02T06:45:53.066Z] Accès réussi à l'API des utilisateurs.
[2025-04-02T06:46:55.392Z] Accès réussi à l'API des utilisateurs.
[2025-04-02T06:46:55.462Z] Accès réussi à l'API des utilisateurs.
[2025-04-02T06:46:59.684Z] Accès réussi à l'API des utilisateurs.
[2025-04-02T06:53:20.845Z] Accès réussi à l'API des utilisateurs.
[2025-04-02T06:53:23.290Z] Accès réussi à l'API des utilisateurs.
[2025-04-02T06:56:24.188Z] Logout successful
[2025-04-02T06:56:24.198Z] Logout successful
[2025-04-02T06:57:31.730Z] Login failed: Incorrect password for (jaosoadongaanelka@gmail.com)
[2025-04-02T06:57:42.208Z] Login failed: Incorrect password for (jaosoadongaanelka@gmail.com)
[2025-04-02T06:58:05.460Z] Login successful: jaosoadongaanelka@gmail.com
[2025-04-02T06:58:05.941Z] Accès réussi à l'API des utilisateurs.
[2025-04-02T06:58:05.970Z] Accès réussi à l'API des utilisateurs.
[2025-04-02T07:00:29.154Z] Accès réussi à l'API des utilisateurs.
[2025-04-02T07:06:12.593Z] Accès réussi à l'API des utilisateurs.
[2025-04-02T07:06:41.504Z] Accès réussi à l'API des utilisateurs.
[2025-04-02T07:06:52.585Z] Accès réussi à l'API des utilisateurs.
[2025-04-02T07:06:55.925Z] Accès réussi à l'API des utilisateurs.
[2025-04-02T07:17:44.597Z] Accès réussi à l'API des utilisateurs.
[2025-04-02T07:18:11.649Z] Accès réussi à l'API des utilisateurs.
[2025-04-02T07:18:11.704Z] Accès réussi à l'API des utilisateurs.
[2025-04-02T07:18:35.545Z] Accès réussi à l'API des utilisateurs.
[2025-04-02T07:18:40.078Z] Accès réussi à l'API des utilisateurs.
[2025-04-02T07:18:43.352Z] Accès réussi à l'API des utilisateurs.
[2025-04-02T07:18:50.563Z] Accès réussi à l'API des utilisateurs.
[2025-04-02T07:18:53.148Z] Accès réussi à l'API des utilisateurs.
[2025-04-02T07:19:05.537Z] Accès réussi à l'API des utilisateurs.
[2025-04-02T07:19:05.801Z] Accès réussi à l'API des utilisateurs.
[2025-04-02T07:19:30.250Z] Accès réussi à l'API des utilisateurs.
[2025-04-02T07:21:27.220Z] Accès réussi à l'API des utilisateurs.
[2025-04-02T07:21:27.302Z] Accès réussi à l'API des utilisateurs.
[2025-04-02T07:21:37.279Z] Accès réussi à l'API des utilisateurs.
[2025-04-02T07:21:37.476Z] Accès réussi à l'API des utilisateurs.
[2025-04-02T07:24:05.447Z] Accès réussi à l'API des utilisateurs.
[2025-04-02T07:24:52.812Z] Accès réussi à l'API des utilisateurs.
[2025-04-02T07:24:52.869Z] Accès réussi à l'API des utilisateurs.
[2025-04-02T07:28:46.104Z] Accès réussi à l'API des utilisateurs.
[2025-04-02T07:28:46.133Z] Accès réussi à l'API des utilisateurs.
[2025-04-02T07:46:32.506Z] Accès réussi à l'API des utilisateurs.
[2025-04-02T07:46:32.539Z] Accès réussi à l'API des utilisateurs.
[2025-04-02T07:47:07.643Z] Accès réussi à l'API des utilisateurs.
[2025-04-02T07:47:07.672Z] Accès réussi à l'API des utilisateurs.
[2025-04-02T11:17:09.503Z] Accès réussi à l'API des utilisateurs.
[2025-04-02T11:17:09.557Z] Accès réussi à l'API des utilisateurs.
[2025-04-02T11:19:19.120Z] Accès réussi à l'API des utilisateurs.
[2025-04-02T11:19:19.158Z] Accès réussi à l'API des utilisateurs.
[2025-04-02T11:19:19.197Z] Accès réussi à l'API des utilisateurs.
[2025-04-02T11:19:19.516Z] Accès réussi à l'API des utilisateurs.
[2025-04-02T11:19:19.563Z] Accès réussi à l'API des utilisateurs.
[2025-04-02T11:19:19.597Z] Accès réussi à l'API des utilisateurs.
[2025-04-02T11:19:19.643Z] Accès réussi à l'API des utilisateurs.
[2025-04-02T11:19:44.641Z] Accès réussi à l'API des utilisateurs.
[2025-04-02T11:20:18.073Z] Accès réussi à l'API des utilisateurs.
[2025-04-02T11:20:23.609Z] Accès réussi à l'API des utilisateurs.
[2025-04-02T11:21:45.280Z] Accès réussi à l'API des utilisateurs.
[2025-04-02T11:22:47.846Z] Accès réussi à l'API des utilisateurs.
[2025-04-02T11:22:47.883Z] Accès réussi à l'API des utilisateurs.
[2025-04-02T11:23:11.161Z] Accès réussi à l'API des utilisateurs.
[2025-04-02T11:23:18.657Z] Accès réussi à l'API des utilisateurs.
[2025-04-02T11:23:18.860Z] Accès réussi à l'API des utilisateurs.
[2025-04-02T11:24:18.308Z] Accès réussi à l'API des utilisateurs.
[2025-04-02T11:24:20.405Z] Accès réussi à l'API des utilisateurs.
[2025-04-02T11:24:21.102Z] Accès réussi à l'API des utilisateurs.
[2025-04-02T11:24:21.847Z] Accès réussi à l'API des utilisateurs.
[2025-04-02T11:24:29.999Z] Accès réussi à l'API des utilisateurs.
[2025-04-02T11:25:40.246Z] Accès réussi à l'API des utilisateurs.
[2025-04-02T11:25:40.739Z] Accès réussi à l'API des utilisateurs.
[2025-04-02T11:25:46.438Z] Accès réussi à l'API des utilisateurs.
[2025-04-02T11:26:09.787Z] Accès réussi à l'API des utilisateurs.
[2025-04-02T11:26:09.976Z] Accès réussi à l'API des utilisateurs.
[2025-04-02T11:26:10.136Z] Accès réussi à l'API des utilisateurs.
[2025-04-02T11:26:10.332Z] Accès réussi à l'API des utilisateurs.
[2025-04-02T11:26:10.710Z] Accès réussi à l'API des utilisateurs.
[2025-04-02T11:26:16.211Z] Accès réussi à l'API des utilisateurs.
[2025-04-02T11:26:28.205Z] Accès réussi à l'API des utilisateurs.
[2025-04-02T11:26:30.300Z] Accès réussi à l'API des utilisateurs.
[2025-04-02T11:26:36.140Z] Accès réussi à l'API des utilisateurs.
[2025-04-02T11:27:17.919Z] Accès réussi à l'API des utilisateurs.
[2025-04-02T11:27:22.166Z] Accès réussi à l'API des utilisateurs.
[2025-04-02T11:27:50.020Z] Accès réussi à l'API des utilisateurs.
[2025-04-02T11:28:41.142Z] Accès réussi à l'API des utilisateurs.
[2025-04-02T11:28:56.444Z] Accès réussi à l'API des utilisateurs.
[2025-04-02T11:29:18.930Z] Accès réussi à l'API des utilisateurs.
[2025-04-02T11:29:21.907Z] Accès réussi à l'API des utilisateurs.
[2025-04-02T11:29:35.451Z] Accès réussi à l'API des utilisateurs.
[2025-04-02T11:30:02.992Z] Accès réussi à l'API des utilisateurs.
[2025-04-02T11:30:09.858Z] Accès réussi à l'API des utilisateurs.
[2025-04-02T11:40:00.556Z] Accès réussi à l'API des utilisateurs.
[2025-04-02T11:41:13.829Z] Accès réussi à l'API des utilisateurs.
[2025-04-02T11:41:13.845Z] Accès réussi à l'API des utilisateurs.
[2025-04-02T12:05:21.812Z] Accès réussi à l'API des utilisateurs.
[2025-04-02T12:08:45.819Z] Accès réussi à l'API des utilisateurs.
[2025-04-02T12:10:14.346Z] Accès réussi à l'API des utilisateurs.
[2025-04-02T12:10:14.380Z] Accès réussi à l'API des utilisateurs.
[2025-04-02T12:12:19.115Z] Accès réussi à l'API des utilisateurs.
[2025-04-02T12:12:20.011Z] Accès réussi à l'API des utilisateurs.
[2025-04-02T12:12:52.491Z] Accès réussi à l'API des utilisateurs.
[2025-04-02T12:13:00.620Z] Accès réussi à l'API des utilisateurs.
[2025-04-02T12:13:07.519Z] Accès réussi à l'API des utilisateurs.
[2025-04-02T12:13:17.444Z] Accès réussi à l'API des utilisateurs.
[2025-04-02T12:13:17.911Z] Accès réussi à l'API des utilisateurs.
[2025-04-02T12:13:31.491Z] Accès réussi à l'API des utilisateurs.
[2025-04-02T12:13:59.610Z] Accès réussi à l'API des utilisateurs.
[2025-04-02T12:14:18.458Z] Accès réussi à l'API des utilisateurs.
[2025-04-02T12:14:21.292Z] Accès réussi à l'API des utilisateurs.
[2025-04-02T12:14:22.056Z] Accès réussi à l'API des utilisateurs.
[2025-04-02T13:00:25.631Z] Accès réussi à l'API des utilisateurs.
[2025-04-02T13:00:25.648Z] Accès réussi à l'API des utilisateurs.
[2025-04-02T13:03:21.287Z] Accès réussi à l'API des utilisateurs.
[2025-04-02T13:03:23.883Z] Accès réussi à l'API des utilisateurs.
[2025-04-02T13:03:31.539Z] Accès réussi à l'API des utilisateurs.
[2025-04-02T13:03:31.554Z] Accès réussi à l'API des utilisateurs.
[2025-04-02T13:03:53.283Z] Accès réussi à l'API des utilisateurs.
[2025-04-02T13:03:53.565Z] Accès réussi à l'API des utilisateurs.
[2025-04-02T13:04:23.697Z] Accès réussi à l'API des utilisateurs.
[2025-04-02T13:04:25.636Z] Accès réussi à l'API des utilisateurs.
[2025-04-02T13:04:44.919Z] Accès réussi à l'API des utilisateurs.
[2025-04-02T13:04:57.720Z] Accès réussi à l'API des utilisateurs.
[2025-04-02T13:05:04.475Z] Accès réussi à l'API des utilisateurs.
[2025-04-02T13:06:22.451Z] Accès réussi à l'API des utilisateurs.
[2025-04-02T13:07:08.916Z] Accès réussi à l'API des utilisateurs.
[2025-04-02T13:07:08.985Z] Accès réussi à l'API des utilisateurs.
[2025-04-02T13:07:22.189Z] Accès réussi à l'API des utilisateurs.
[2025-04-02T13:07:22.221Z] Accès réussi à l'API des utilisateurs.
[2025-04-02T13:07:35.439Z] Accès réussi à l'API des utilisateurs.
[2025-04-02T13:07:40.452Z] Accès réussi à l'API des utilisateurs.
[2025-04-02T13:08:01.597Z] Accès réussi à l'API des utilisateurs.
[2025-04-02T13:10:12.469Z] Accès réussi à l'API des utilisateurs.
[2025-04-02T13:10:12.625Z] Accès réussi à l'API des utilisateurs.
[2025-04-02T13:35:39.168Z] Accès réussi à l'API des utilisateurs.
[2025-04-02T13:36:12.174Z] Accès réussi à l'API des utilisateurs.
[2025-04-02T13:36:19.913Z] Accès réussi à l'API des utilisateurs.
[2025-04-02T13:36:21.893Z] Accès réussi à l'API des utilisateurs.
[2025-04-02T13:36:27.572Z] Accès réussi à l'API des utilisateurs.
[2025-04-02T13:38:40.456Z] Accès réussi à l'API des utilisateurs.
[2025-04-02T13:38:45.297Z] Accès réussi à l'API des utilisateurs.
[2025-04-02T13:39:04.084Z] Accès réussi à l'API des utilisateurs.
[2025-04-02T13:39:04.126Z] Accès réussi à l'API des utilisateurs.
[2025-04-02T13:39:06.007Z] Accès réussi à l'API des utilisateurs.
[2025-04-02T13:39:06.607Z] Accès réussi à l'API des utilisateurs.
[2025-04-02T13:39:07.124Z] Accès réussi à l'API des utilisateurs.
[2025-04-02T13:39:07.334Z] Accès réussi à l'API des utilisateurs.
[2025-04-02T13:39:10.314Z] Accès réussi à l'API des utilisateurs.
[2025-04-02T13:39:21.177Z] Accès réussi à l'API des utilisateurs.
[2025-04-02T13:39:26.591Z] Accès réussi à l'API des utilisateurs.
[2025-04-02T13:39:28.628Z] Accès réussi à l'API des utilisateurs.
[2025-04-02T13:39:31.829Z] Accès réussi à l'API des utilisateurs.
[2025-04-02T13:39:37.120Z] Accès réussi à l'API des utilisateurs.
[2025-04-02T13:39:37.147Z] Accès réussi à l'API des utilisateurs.
[2025-04-02T13:39:41.852Z] Accès réussi à l'API des utilisateurs.
[2025-04-02T13:39:49.036Z] Accès réussi à l'API des utilisateurs.
[2025-04-02T13:39:49.237Z] Accès réussi à l'API des utilisateurs.
[2025-04-02T13:39:49.345Z] Accès réussi à l'API des utilisateurs.
[2025-04-02T13:40:01.243Z] Accès réussi à l'API des utilisateurs.
[2025-04-02T13:40:36.254Z] Accès réussi à l'API des utilisateurs.
[2025-04-02T13:40:45.367Z] Accès réussi à l'API des utilisateurs.
[2025-04-02T13:40:45.419Z] Accès réussi à l'API des utilisateurs.
[2025-04-02T13:40:45.452Z] Accès réussi à l'API des utilisateurs.
[2025-04-02T13:42:12.177Z] Accès réussi à l'API des utilisateurs.
[2025-04-02T13:42:12.262Z] Accès réussi à l'API des utilisateurs.
[2025-04-02T13:42:24.661Z] Accès réussi à l'API des utilisateurs.
[2025-04-02T13:42:24.717Z] Accès réussi à l'API des utilisateurs.
[2025-04-02T13:42:28.802Z] Accès réussi à l'API des utilisateurs.
[2025-04-02T13:43:08.873Z] Accès réussi à l'API des utilisateurs.
[2025-04-02T13:43:11.727Z] Accès réussi à l'API des utilisateurs.
[2025-04-02T14:30:43.925Z] Accès réussi à l'API des utilisateurs.
[2025-04-02T14:30:44.058Z] Accès réussi à l'API des utilisateurs.
[2025-04-02T14:31:07.600Z] Accès réussi à l'API des utilisateurs.
[2025-04-02T14:31:07.616Z] Accès réussi à l'API des utilisateurs.
[2025-04-02T14:31:35.857Z] Accès réussi à l'API des utilisateurs.
[2025-04-02T14:31:35.867Z] Accès réussi à l'API des utilisateurs.
[2025-04-02T14:35:29.792Z] Accès réussi à l'API des utilisateurs.
[2025-04-02T14:35:29.809Z] Accès réussi à l'API des utilisateurs.
[2025-04-02T14:35:32.386Z] Accès réussi à l'API des utilisateurs.
[2025-04-02T14:35:32.427Z] Accès réussi à l'API des utilisateurs.
[2025-04-02T14:35:34.585Z] Accès réussi à l'API des utilisateurs.
[2025-04-02T14:35:34.625Z] Accès réussi à l'API des utilisateurs.
[2025-04-02T14:35:36.583Z] Accès réussi à l'API des utilisateurs.
[2025-04-02T14:35:36.633Z] Accès réussi à l'API des utilisateurs.
[2025-04-02T14:35:37.864Z] Accès réussi à l'API des utilisateurs.
[2025-04-02T14:35:37.896Z] Accès réussi à l'API des utilisateurs.
[2025-04-02T14:35:39.056Z] Accès réussi à l'API des utilisateurs.
[2025-04-02T14:35:39.097Z] Accès réussi à l'API des utilisateurs.
[2025-04-02T14:35:40.824Z] Accès réussi à l'API des utilisateurs.
[2025-04-02T14:35:40.899Z] Accès réussi à l'API des utilisateurs.
[2025-04-02T14:35:54.856Z] Accès réussi à l'API des utilisateurs.
[2025-04-02T14:35:54.912Z] Accès réussi à l'API des utilisateurs.
[2025-04-02T14:35:56.094Z] Accès réussi à l'API des utilisateurs.
[2025-04-02T14:35:56.131Z] Accès réussi à l'API des utilisateurs.
[2025-04-02T14:35:57.179Z] Accès réussi à l'API des utilisateurs.
[2025-04-02T14:35:57.233Z] Accès réussi à l'API des utilisateurs.
[2025-04-02T14:35:58.169Z] Accès réussi à l'API des utilisateurs.
[2025-04-02T14:35:58.207Z] Accès réussi à l'API des utilisateurs.
[2025-04-02T14:35:59.146Z] Accès réussi à l'API des utilisateurs.
[2025-04-02T14:35:59.184Z] Accès réussi à l'API des utilisateurs.
[2025-04-02T14:36:00.182Z] Accès réussi à l'API des utilisateurs.
[2025-04-02T14:36:00.214Z] Accès réussi à l'API des utilisateurs.
[2025-04-02T14:36:01.148Z] Accès réussi à l'API des utilisateurs.
[2025-04-02T14:36:01.184Z] Accès réussi à l'API des utilisateurs.
[2025-04-02T14:36:02.134Z] Accès réussi à l'API des utilisateurs.
[2025-04-02T14:36:02.176Z] Accès réussi à l'API des utilisateurs.
[2025-04-02T14:36:02.998Z] Accès réussi à l'API des utilisateurs.
[2025-04-02T14:36:03.025Z] Accès réussi à l'API des utilisateurs.
[2025-04-02T14:37:18.356Z] Accès réussi à l'API des utilisateurs.
[2025-04-02T14:37:18.397Z] Accès réussi à l'API des utilisateurs.
[2025-04-02T14:37:19.426Z] Accès réussi à l'API des utilisateurs.
[2025-04-02T14:37:19.460Z] Accès réussi à l'API des utilisateurs.
[2025-04-02T14:37:20.529Z] Accès réussi à l'API des utilisateurs.
[2025-04-02T14:37:20.563Z] Accès réussi à l'API des utilisateurs.
[2025-04-02T14:37:21.561Z] Accès réussi à l'API des utilisateurs.
[2025-04-02T14:37:21.611Z] Accès réussi à l'API des utilisateurs.
[2025-04-02T14:37:22.665Z] Accès réussi à l'API des utilisateurs.
[2025-04-02T14:37:22.696Z] Accès réussi à l'API des utilisateurs.
[2025-04-02T14:37:24.656Z] Accès réussi à l'API des utilisateurs.
[2025-04-02T14:37:24.678Z] Accès réussi à l'API des utilisateurs.
[2025-04-02T14:39:10.797Z] Accès réussi à l'API des utilisateurs.
[2025-04-02T14:39:10.843Z] Accès réussi à l'API des utilisateurs.
[2025-04-02T14:39:12.065Z] Accès réussi à l'API des utilisateurs.
[2025-04-02T14:39:12.091Z] Accès réussi à l'API des utilisateurs.
[2025-04-02T14:39:13.108Z] Accès réussi à l'API des utilisateurs.
[2025-04-02T14:39:13.138Z] Accès réussi à l'API des utilisateurs.
[2025-04-02T14:39:14.373Z] Accès réussi à l'API des utilisateurs.
[2025-04-02T14:39:14.429Z] Accès réussi à l'API des utilisateurs.
[2025-04-02T14:39:15.542Z] Accès réussi à l'API des utilisateurs.
[2025-04-02T14:39:15.642Z] Accès réussi à l'API des utilisateurs.
[2025-04-02T14:39:16.966Z] Accès réussi à l'API des utilisateurs.
[2025-04-02T14:39:16.985Z] Accès réussi à l'API des utilisateurs.
[2025-04-02T14:39:39.138Z] Accès réussi à l'API des utilisateurs.
[2025-04-02T14:39:39.170Z] Accès réussi à l'API des utilisateurs.
[2025-04-02T14:39:40.054Z] Accès réussi à l'API des utilisateurs.
[2025-04-02T14:39:40.091Z] Accès réussi à l'API des utilisateurs.
[2025-04-02T14:39:41.032Z] Accès réussi à l'API des utilisateurs.
[2025-04-02T14:39:41.067Z] Accès réussi à l'API des utilisateurs.
[2025-04-02T14:39:42.803Z] Accès réussi à l'API des utilisateurs.
[2025-04-02T14:39:42.836Z] Accès réussi à l'API des utilisateurs.
[2025-04-02T14:39:43.962Z] Accès réussi à l'API des utilisateurs.
[2025-04-02T14:39:44.003Z] Accès réussi à l'API des utilisateurs.
[2025-04-02T14:39:45.315Z] Accès réussi à l'API des utilisateurs.
[2025-04-02T14:39:45.349Z] Accès réussi à l'API des utilisateurs.
[2025-04-02T14:40:07.102Z] Accès réussi à l'API des utilisateurs.
[2025-04-02T14:40:07.190Z] Accès réussi à l'API des utilisateurs.
[2025-04-02T14:40:10.574Z] Accès réussi à l'API des utilisateurs.
[2025-04-02T14:40:10.605Z] Accès réussi à l'API des utilisateurs.
[2025-04-02T14:40:12.052Z] Accès réussi à l'API des utilisateurs.
[2025-04-02T14:40:12.087Z] Accès réussi à l'API des utilisateurs.
[2025-04-02T14:40:16.816Z] Accès réussi à l'API des utilisateurs.
[2025-04-02T14:40:16.847Z] Accès réussi à l'API des utilisateurs.
[2025-04-02T14:40:18.406Z] Accès réussi à l'API des utilisateurs.
[2025-04-02T14:40:18.504Z] Accès réussi à l'API des utilisateurs.
[2025-04-02T14:56:49.700Z] Accès réussi à l'API des utilisateurs.
[2025-04-02T14:56:50.105Z] Accès réussi à l'API des utilisateurs.
[2025-04-02T14:56:51.009Z] Accès réussi à l'API des utilisateurs.
[2025-04-02T14:56:51.052Z] Accès réussi à l'API des utilisateurs.
[2025-04-02T14:57:51.281Z] Accès réussi à l'API des utilisateurs.
[2025-04-02T14:57:51.321Z] Accès réussi à l'API des utilisateurs.
[2025-04-02T14:57:52.402Z] Accès réussi à l'API des utilisateurs.
[2025-04-02T14:57:52.450Z] Accès réussi à l'API des utilisateurs.
[2025-04-02T14:57:53.478Z] Accès réussi à l'API des utilisateurs.
[2025-04-02T14:57:53.518Z] Accès réussi à l'API des utilisateurs.
[2025-04-02T14:57:54.720Z] Accès réussi à l'API des utilisateurs.
[2025-04-02T14:57:54.780Z] Accès réussi à l'API des utilisateurs.
[2025-04-02T14:57:55.593Z] Accès réussi à l'API des utilisateurs.
[2025-04-02T14:57:55.636Z] Accès réussi à l'API des utilisateurs.
[2025-04-02T14:58:08.199Z] Accès réussi à l'API des utilisateurs.
[2025-04-02T14:58:08.267Z] Accès réussi à l'API des utilisateurs.
[2025-04-02T14:58:09.032Z] Accès réussi à l'API des utilisateurs.
[2025-04-02T14:58:09.095Z] Accès réussi à l'API des utilisateurs.
[2025-04-02T14:58:10.054Z] Accès réussi à l'API des utilisateurs.
[2025-04-02T14:58:10.092Z] Accès réussi à l'API des utilisateurs.
[2025-04-02T14:58:11.042Z] Accès réussi à l'API des utilisateurs.
[2025-04-02T14:58:11.235Z] Accès réussi à l'API des utilisateurs.
[2025-04-02T14:58:12.011Z] Accès réussi à l'API des utilisateurs.
[2025-04-02T14:58:12.097Z] Accès réussi à l'API des utilisateurs.
[2025-04-02T16:18:58.213Z] Accès réussi à l'API des utilisateurs.
[2025-04-02T16:18:58.563Z] Accès réussi à l'API des utilisateurs.
[2025-04-02T16:18:59.826Z] Accès réussi à l'API des utilisateurs.
[2025-04-02T16:18:59.860Z] Accès réussi à l'API des utilisateurs.
[2025-04-02T16:19:01.064Z] Accès réussi à l'API des utilisateurs.
[2025-04-02T16:19:01.090Z] Accès réussi à l'API des utilisateurs.
[2025-04-02T16:19:02.958Z] Accès réussi à l'API des utilisateurs.
[2025-04-02T16:19:02.976Z] Accès réussi à l'API des utilisateurs.
[2025-04-02T16:19:04.475Z] Accès réussi à l'API des utilisateurs.
[2025-04-02T16:19:04.539Z] Accès réussi à l'API des utilisateurs.
[2025-04-02T16:19:05.935Z] Accès réussi à l'API des utilisateurs.
[2025-04-02T16:19:05.958Z] Accès réussi à l'API des utilisateurs.
[2025-04-03T06:27:03.248Z] Login failed: Incorrect password for (jaosoadongaanelka@gmail.com)
[2025-04-03T06:31:57.139Z] Login failed: Incorrect password for (jaosoadongaanelka@gmail.com)
[2025-04-03T06:32:37.451Z] Login successful: jaosoadongaanelka@gmail.com
[2025-04-03T06:32:39.499Z] Accès réussi à l'API des utilisateurs.
[2025-04-03T06:32:39.571Z] Accès réussi à l'API des utilisateurs.
[2025-04-03T06:32:48.971Z] Accès réussi à l'API des utilisateurs.
[2025-04-03T06:32:48.999Z] Accès réussi à l'API des utilisateurs.
[2025-04-03T06:32:49.089Z] Accès réussi à l'API des utilisateurs.
[2025-04-03T06:32:49.136Z] Accès réussi à l'API des utilisateurs.
[2025-04-03T06:32:49.855Z] Accès réussi à l'API des utilisateurs.
[2025-04-03T06:32:49.886Z] Accès réussi à l'API des utilisateurs.
[2025-04-03T06:32:50.796Z] Accès réussi à l'API des utilisateurs.
[2025-04-03T06:32:50.856Z] Accès réussi à l'API des utilisateurs.
[2025-04-03T06:32:52.006Z] Accès réussi à l'API des utilisateurs.
[2025-04-03T06:32:52.039Z] Accès réussi à l'API des utilisateurs.
[2025-04-03T06:32:54.120Z] Accès réussi à l'API des utilisateurs.
[2025-04-03T06:32:54.207Z] Accès réussi à l'API des utilisateurs.
[2025-04-03T06:33:00.125Z] Accès réussi à l'API des utilisateurs.
[2025-04-03T06:33:00.173Z] Accès réussi à l'API des utilisateurs.
[2025-04-03T06:33:01.071Z] Accès réussi à l'API des utilisateurs.
[2025-04-03T06:33:01.108Z] Accès réussi à l'API des utilisateurs.
[2025-04-03T06:35:53.672Z] Accès réussi à l'API des utilisateurs.
[2025-04-03T06:35:53.726Z] Accès réussi à l'API des utilisateurs.
[2025-04-03T06:35:55.063Z] Accès réussi à l'API des utilisateurs.
[2025-04-03T06:35:55.092Z] Accès réussi à l'API des utilisateurs.
[2025-04-03T06:35:59.399Z] Accès réussi à l'API des utilisateurs.
[2025-04-03T06:35:59.431Z] Accès réussi à l'API des utilisateurs.
[2025-04-03T06:36:03.706Z] Accès réussi à l'API des utilisateurs.
[2025-04-03T06:36:03.728Z] Accès réussi à l'API des utilisateurs.
[2025-04-03T06:37:55.727Z] Accès réussi à l'API des utilisateurs.
[2025-04-03T06:41:05.726Z] Accès réussi à l'API des utilisateurs.
[2025-04-03T06:41:05.743Z] Accès réussi à l'API des utilisateurs.
[2025-04-03T06:41:08.877Z] Accès réussi à l'API des utilisateurs.
[2025-04-03T06:41:08.899Z] Accès réussi à l'API des utilisateurs.
[2025-04-03T06:48:16.071Z] Accès réussi à l'API des utilisateurs.
[2025-04-03T06:48:16.110Z] Accès réussi à l'API des utilisateurs.
[2025-04-03T06:48:18.417Z] Accès réussi à l'API des utilisateurs.
[2025-04-03T06:48:18.463Z] Accès réussi à l'API des utilisateurs.
[2025-04-03T06:48:19.376Z] Accès réussi à l'API des utilisateurs.
[2025-04-03T06:48:19.415Z] Accès réussi à l'API des utilisateurs.
[2025-04-03T06:53:19.566Z] Accès réussi à l'API des utilisateurs.
[2025-04-03T06:53:19.584Z] Accès réussi à l'API des utilisateurs.
[2025-04-03T06:58:27.379Z] Accès réussi à l'API des utilisateurs.
[2025-04-03T06:58:27.414Z] Accès réussi à l'API des utilisateurs.
[2025-04-03T07:08:40.144Z] Accès réussi à l'API des utilisateurs.
[2025-04-03T07:08:40.159Z] Accès réussi à l'API des utilisateurs.
[2025-04-03T07:08:43.916Z] Accès réussi à l'API des utilisateurs.
[2025-04-03T07:08:43.960Z] Accès réussi à l'API des utilisateurs.
[2025-04-03T07:08:44.077Z] Accès réussi à l'API des utilisateurs.
[2025-04-03T07:08:44.106Z] Accès réussi à l'API des utilisateurs.
[2025-04-03T07:15:16.137Z] Accès réussi à l'API des utilisateurs.
[2025-04-03T07:16:38.795Z] Accès réussi à l'API des utilisateurs.
[2025-04-03T07:17:33.104Z] Accès réussi à l'API des utilisateurs.
[2025-04-03T07:17:33.181Z] Accès réussi à l'API des utilisateurs.
[2025-04-03T07:19:39.521Z] Accès réussi à l'API des utilisateurs.
[2025-04-03T07:19:39.550Z] Accès réussi à l'API des utilisateurs.
[2025-04-03T07:19:42.241Z] Accès réussi à l'API des utilisateurs.
[2025-04-03T07:19:42.266Z] Accès réussi à l'API des utilisateurs.
[2025-04-03T07:19:44.059Z] Accès réussi à l'API des utilisateurs.
[2025-04-03T07:19:44.107Z] Accès réussi à l'API des utilisateurs.
[2025-04-03T07:19:46.541Z] Accès réussi à l'API des utilisateurs.
[2025-04-03T07:19:46.560Z] Accès réussi à l'API des utilisateurs.
[2025-04-03T07:19:48.238Z] Accès réussi à l'API des utilisateurs.
[2025-04-03T07:19:48.267Z] Accès réussi à l'API des utilisateurs.
[2025-04-03T07:19:50.721Z] Accès réussi à l'API des utilisateurs.
[2025-04-03T07:19:50.755Z] Accès réussi à l'API des utilisateurs.
[2025-04-03T07:19:51.702Z] Accès réussi à l'API des utilisateurs.
[2025-04-03T07:19:51.739Z] Accès réussi à l'API des utilisateurs.
[2025-04-03T07:24:05.479Z] Accès réussi à l'API des utilisateurs.
[2025-04-03T07:24:05.529Z] Accès réussi à l'API des utilisateurs.
[2025-04-03T13:13:59.664Z] Accès réussi à l'API des utilisateurs.
[2025-04-03T13:13:59.689Z] Accès réussi à l'API des utilisateurs.
